2021-06-21 12:06:505 INFO  HomePage :43 - Clicking on all Top Menu Tabs[[ChromeDriver: chrome on WINDOWS (8478a2d4dd0baaabf7c15f2bf0759c24)] -> xpath: //body/div[6]/div[2]/ul[1]/li[1]/a[1]]
2021-06-21 13:06:842 INFO  RegistrationPage :27 - Click on Registration Link [[ChromeDriver: chrome on WINDOWS (76db56f2071a7e0e3c380340246dc423)] -> xpath: //a[@class='ico-register']]
2021-06-21 13:06:798 INFO  RegistrationPage :34 - Click on Registration Link [[ChromeDriver: chrome on WINDOWS (acac7f1c54855e73d7d3a6a57a5a455c)] -> xpath: //a[@class='ico-register']]
2021-06-21 13:06:941 INFO  RegistrationPage :37 - Click on Registration Button [[ChromeDriver: chrome on WINDOWS (acac7f1c54855e73d7d3a6a57a5a455c)] -> xpath: //button[@id='register-button']]
2021-06-21 13:06:602 INFO  RegistrationPage :39 - verify error msg with first name empty [[ChromeDriver: chrome on WINDOWS (acac7f1c54855e73d7d3a6a57a5a455c)] -> xpath: //span[@id='FirstName-error']]
2021-06-21 13:06:111 INFO  RegistrationPage :34 - Click on Registration Link [[ChromeDriver: chrome on WINDOWS (9f97e40e8e441e52e71d0caafc9a39fe)] -> xpath: //a[@class='ico-register']]
2021-06-21 13:06:409 INFO  RegistrationPage :38 - Click on Registration Button [[ChromeDriver: chrome on WINDOWS (9f97e40e8e441e52e71d0caafc9a39fe)] -> xpath: //button[@id='register-button']]
2021-06-21 13:06:499 INFO  RegistrationPage :40 - verify error msg with first name empty Proxy element for: DefaultElementLocator 'By.xpath: //span[@id='FirstName-error']'
2021-06-21 13:06:251 INFO  RegistrationPage :34 - Click on Registration Link [[ChromeDriver: chrome on WINDOWS (a0527ce0ce45834536f9a31e3008a0bf)] -> xpath: //a[@class='ico-register']]
2021-06-21 13:06:593 INFO  RegistrationPage :39 - Click on Registration Button [[ChromeDriver: chrome on WINDOWS (a0527ce0ce45834536f9a31e3008a0bf)] -> xpath: //button[@id='register-button']]
2021-06-21 13:06:636 INFO  RegistrationPage :41 - verify error msg with first name empty [[ChromeDriver: chrome on WINDOWS (a0527ce0ce45834536f9a31e3008a0bf)] -> xpath: //span[@id='FirstName-error']]
2021-06-21 13:06:277 INFO  RegistrationPage :34 - Click on Registration Link [[ChromeDriver: chrome on WINDOWS (1e1bdd12237cb03d1ea8bb165ec22eb0)] -> xpath: //a[@class='ico-register']]
2021-06-21 13:06:632 INFO  RegistrationPage :39 - Click on Registration Button [[ChromeDriver: chrome on WINDOWS (1e1bdd12237cb03d1ea8bb165ec22eb0)] -> xpath: //button[@id='register-button']]
2021-06-21 13:06:680 INFO  RegistrationPage :45 - verify error msg with first name empty [[ChromeDriver: chrome on WINDOWS (1e1bdd12237cb03d1ea8bb165ec22eb0)] -> xpath: //span[@id='FirstName-error']]
2021-06-21 14:06:508 INFO  RegistrationPage :42 - Click on Registration Link [[ChromeDriver: chrome on WINDOWS (0c93bd7766416dd019bf8acff59c1021)] -> xpath: //a[@class='ico-register']]
2021-06-21 14:06:640 INFO  RegistrationPage :63 - Click on gender Male[[ChromeDriver: chrome on WINDOWS (0c93bd7766416dd019bf8acff59c1021)] -> xpath: //input[@id='gender-male']]
2021-06-21 14:06:289 INFO  RegistrationPage :42 - Click on Registration Link [[ChromeDriver: chrome on WINDOWS (5e41d2b49970b2f16cef31f54afb0a8f)] -> xpath: //a[@class='ico-register']]
2021-06-21 14:06:436 INFO  RegistrationPage :63 - Click on gender Male[[ChromeDriver: chrome on WINDOWS (5e41d2b49970b2f16cef31f54afb0a8f)] -> xpath: //input[@id='gender-male']]
2021-06-21 14:06:362 INFO  RegistrationPage :50 - Click on Registration Link [[ChromeDriver: chrome on WINDOWS (c11fcb19682d979370948089abba3509)] -> xpath: //a[@class='ico-register']]
2021-06-21 14:06:498 INFO  RegistrationPage :71 - Click on gender Male[[ChromeDriver: chrome on WINDOWS (c11fcb19682d979370948089abba3509)] -> xpath: //input[@id='gender-male']]
2021-06-21 16:06:368 INFO  LoginPage :29 - click on Login link [[ChromeDriver: chrome on WINDOWS (c7f51c4db44acc099954539e1557b4d9)] -> xpath: //a[@class ='ico-login']]
2021-06-21 16:06:228 INFO  LoginPage :36 - click on Login link [[ChromeDriver: chrome on WINDOWS (dcfee8fae118ff0337f183d2cf9069de)] -> xpath: //a[@class ='ico-login']]
2021-06-21 16:06:924 INFO  LoginPage :36 - click on Login link [[ChromeDriver: chrome on WINDOWS (a932102ace228fc88462f8678bf02071)] -> xpath: //a[@class ='ico-login']]
2021-06-21 16:06:675 INFO  LoginPage :36 - click on Login link [[ChromeDriver: chrome on WINDOWS (2bf1a17792d718439e37bd4e0dcc0331)] -> xpath: //a[@class ='ico-login']]
2021-06-21 16:06:553 INFO  LoginPage :36 - click on Login link [[ChromeDriver: chrome on WINDOWS (9914e87da03c153dcec5f2878ffb79af)] -> xpath: //a[@class ='ico-login']]
2021-06-21 16:06:682 INFO  LoginPage :42 - Enter Email [[ChromeDriver: chrome on WINDOWS (9914e87da03c153dcec5f2878ffb79af)] -> xpath: //input[@id='Email']]
2021-06-21 16:06:801 INFO  LoginPage :47 - 
2021-06-21 16:06:913 INFO  LoginPage :52 - click on Login Button [[ChromeDriver: chrome on WINDOWS (9914e87da03c153dcec5f2878ffb79af)] -> xpath: //button[@class ='button-1 login-button']]
2021-06-21 16:06:276 INFO  LoginPage :36 - click on Login link [[ChromeDriver: chrome on WINDOWS (261d2e0d8a9477696d5ce7b47d104c91)] -> xpath: //a[@class ='ico-login']]
2021-06-21 16:06:424 INFO  LoginPage :42 - Enter Email [[ChromeDriver: chrome on WINDOWS (261d2e0d8a9477696d5ce7b47d104c91)] -> xpath: //input[@id='Email']]
2021-06-21 16:06:561 INFO  LoginPage :47 - Enter Password [[ChromeDriver: chrome on WINDOWS (261d2e0d8a9477696d5ce7b47d104c91)] -> xpath: //input[@id='Password']]
2021-06-21 16:06:709 INFO  LoginPage :52 - click on Login Button [[ChromeDriver: chrome on WINDOWS (261d2e0d8a9477696d5ce7b47d104c91)] -> xpath: //button[@class ='button-1 login-button']]
2021-06-21 16:06:185 INFO  LoginPage :36 - click on Login link [[ChromeDriver: chrome on WINDOWS (b90f343312e53d3e27456b7719b78d8f)] -> xpath: //a[@class ='ico-login']]
2021-06-21 16:06:346 INFO  LoginPage :42 - Enter Email [[ChromeDriver: chrome on WINDOWS (b90f343312e53d3e27456b7719b78d8f)] -> xpath: //input[@id='Email']]
2021-06-21 16:06:494 INFO  LoginPage :47 - Enter Password [[ChromeDriver: chrome on WINDOWS (b90f343312e53d3e27456b7719b78d8f)] -> xpath: //input[@id='Password']]
2021-06-21 16:06:622 INFO  LoginPage :52 - click on Login Button [[ChromeDriver: chrome on WINDOWS (b90f343312e53d3e27456b7719b78d8f)] -> xpath: //button[@class ='button-1 login-button']]
2021-06-21 16:06:746 INFO  LoginPage :36 - click on Login link [[ChromeDriver: chrome on WINDOWS (8b928e7ffd59972b6a8dcb008e47144a)] -> xpath: //a[@class ='ico-login']]
2021-06-21 16:06:878 INFO  LoginPage :42 - Enter Email [[ChromeDriver: chrome on WINDOWS (8b928e7ffd59972b6a8dcb008e47144a)] -> xpath: //input[@id='Email']]
2021-06-21 16:06:07 INFO  LoginPage :47 - Enter Password [[ChromeDriver: chrome on WINDOWS (8b928e7ffd59972b6a8dcb008e47144a)] -> xpath: //input[@id='Password']]
2021-06-21 16:06:114 INFO  LoginPage :52 - click on Login Button [[ChromeDriver: chrome on WINDOWS (8b928e7ffd59972b6a8dcb008e47144a)] -> xpath: //button[@class ='button-1 login-button']]
2021-06-21 17:06:321 INFO  RegistrationPage :53 - Click on Registration Link [[ChromeDriver: chrome on WINDOWS (771d5c3dabc7695c974f5fe0dc4e5a05)] -> xpath: //a[@class='ico-register']]
2021-06-21 17:06:474 INFO  RegistrationPage :74 - Click on gender Male[[ChromeDriver: chrome on WINDOWS (771d5c3dabc7695c974f5fe0dc4e5a05)] -> xpath: //input[@id='gender-male']]
2021-06-21 17:06:542 INFO  RegistrationPage :108 - verify error msg with first name empty [[ChromeDriver: chrome on WINDOWS (771d5c3dabc7695c974f5fe0dc4e5a05)] -> xpath: //div[@class ='result']]
2021-06-21 17:06:316 INFO  LoginPage :36 - click on Login link [[ChromeDriver: chrome on WINDOWS (8a2aac97356a1337192147c109d542c5)] -> xpath: //a[@class ='ico-login']]
2021-06-21 17:06:464 INFO  LoginPage :42 - Enter Email [[ChromeDriver: chrome on WINDOWS (8a2aac97356a1337192147c109d542c5)] -> xpath: //input[@id='Email']]
2021-06-21 17:06:592 INFO  LoginPage :47 - Enter Password [[ChromeDriver: chrome on WINDOWS (8a2aac97356a1337192147c109d542c5)] -> xpath: //input[@id='Password']]
2021-06-21 17:06:702 INFO  LoginPage :52 - click on Login Button [[ChromeDriver: chrome on WINDOWS (8a2aac97356a1337192147c109d542c5)] -> xpath: //button[@class ='button-1 login-button']]
2021-06-21 18:06:343 INFO  RegistrationPage :28 - hover on computers tab[[ChromeDriver: chrome on WINDOWS (e52e6a0f8519fcfeea38c702cbeb127c)] -> xpath: //a[text()='Computers ']]
2021-06-21 18:06:980 INFO  RegistrationPage :33 - Click on Desktop Link[[ChromeDriver: chrome on WINDOWS (e52e6a0f8519fcfeea38c702cbeb127c)] -> xpath: //body[1]/div[6]/div[2]/ul[1]/li[1]/ul[1]/li[1]/a[1]]
2021-06-21 18:06:886 INFO  RegistrationPage :28 - hover on computers tab[[ChromeDriver: chrome on WINDOWS (d52af4db32a7a18775dbd378d4331a06)] -> xpath: //a[text()='Computers ']]
2021-06-21 18:06:37 INFO  RegistrationPage :33 - Click on Desktop Link[[ChromeDriver: chrome on WINDOWS (d52af4db32a7a18775dbd378d4331a06)] -> xpath: //body[1]/div[6]/div[2]/ul[1]/li[1]/ul[1]/li[1]/a[1]]
2021-06-21 18:06:69 INFO  RegistrationPage :37 - verify User is on Desktop PAge[[ChromeDriver: chrome on WINDOWS (d52af4db32a7a18775dbd378d4331a06)] -> xpath: //h1[text()='Desktops']]
2021-06-21 18:06:796 INFO  RegistrationPage :28 - hover on computers tab[[ChromeDriver: chrome on WINDOWS (75cb07d5fed03a90c2f57c541e4f581c)] -> xpath: //a[text()='Computers ']]
2021-06-21 18:06:969 INFO  RegistrationPage :33 - Click on Desktop Link[[ChromeDriver: chrome on WINDOWS (75cb07d5fed03a90c2f57c541e4f581c)] -> xpath: //body[1]/div[6]/div[2]/ul[1]/li[1]/ul[1]/li[1]/a[1]]
2021-06-21 18:06:00 INFO  RegistrationPage :37 - verify User is on Desktop PAge[[ChromeDriver: chrome on WINDOWS (75cb07d5fed03a90c2f57c541e4f581c)] -> xpath: //h1[text()='Desktops']]
2021-06-21 18:06:850 INFO  RegistrationPage :28 - hover on computers tab[[ChromeDriver: chrome on WINDOWS (f0fc1acafab32c4f41aabf9447d1c663)] -> xpath: //a[text()='Computers ']]
2021-06-21 18:06:34 INFO  RegistrationPage :34 - hover on computers tab[[ChromeDriver: chrome on WINDOWS (a81e5cb8e57044dc3055fa9f3e5917e7)] -> xpath: //a[text()='Computers ']]
2021-06-21 21:06:154 INFO  RegistrationPage :57 - Click on Registration Link [[ChromeDriver: chrome on WINDOWS (2641a3db2584da1e950ff3c2b4f40e03)] -> xpath: //a[@class='ico-register']]
2021-06-21 21:06:274 INFO  RegistrationPage :78 - Click on gender Male[[ChromeDriver: chrome on WINDOWS (2641a3db2584da1e950ff3c2b4f40e03)] -> xpath: //input[@id='gender-male']]
2021-06-21 21:06:683 INFO  RegistrationPage :112 - verify error msg with first name empty [[ChromeDriver: chrome on WINDOWS (2641a3db2584da1e950ff3c2b4f40e03)] -> xpath: //div[@class ='result']]
2021-06-21 21:06:355 INFO  RegistrationPage :34 - hover on computers tab[[ChromeDriver: chrome on WINDOWS (d9df957043598fb2e91351631b963896)] -> xpath: //a[text()='Computers ']]
2021-06-21 21:06:688 INFO  RegistrationPage :39 - Click on Desktop Link[[ChromeDriver: chrome on WINDOWS (d9df957043598fb2e91351631b963896)] -> xpath: //body[1]/div[6]/div[2]/ul[1]/li[1]/ul[1]/li[1]/a[1]]
2021-06-21 21:06:746 INFO  RegistrationPage :43 - verify User is on Desktop PAge[[ChromeDriver: chrome on WINDOWS (d9df957043598fb2e91351631b963896)] -> xpath: //h1[text()='Desktops']]
2021-06-21 21:06:811 INFO  HomePage :43 - Clicking on all Top Menu Tabs[[ChromeDriver: chrome on WINDOWS (9e99a1cc2d629b3f56be310f851919fa)] -> xpath: //body/div[6]/div[2]/ul[1]/li[1]/a[1]]
2021-06-21 21:06:870 INFO  RegistrationPage :57 - Click on Registration Link [[ChromeDriver: chrome on WINDOWS (2a5494f6b7665240f4d02e71c694a70b)] -> xpath: //a[@class='ico-register']]
2021-06-21 21:06:933 INFO  LoginPage :36 - click on Login link [[ChromeDriver: chrome on WINDOWS (c8323cf300e701c9b20a895cad47852a)] -> xpath: //a[@class ='ico-login']]
2021-06-21 21:06:443 INFO  RegistrationPage :34 - hover on computers tab[[ChromeDriver: chrome on WINDOWS (c1883f37d5c92f8eb41e5cebe2fc94dc)] -> xpath: //a[text()='Computers ']]
2021-06-21 21:06:330 INFO  RegistrationPage :50 - Click on notepad Link[[ChromeDriver: chrome on WINDOWS (c1883f37d5c92f8eb41e5cebe2fc94dc)] -> xpath: //body[1]/div[6]/div[3]/div[1]/div[2]/div[1]/div[2]/ul[1]/li[1]/ul[1]/li[3]/a[1]]
2021-06-21 21:06:479 INFO  RegistrationPage :56 - verify user is on Notepad page[[ChromeDriver: chrome on WINDOWS (c1883f37d5c92f8eb41e5cebe2fc94dc)] -> xpath: //h1[text()='Notebooks']]
2021-06-21 21:06:407 INFO  LoginPage :36 - click on Login link [[ChromeDriver: chrome on WINDOWS (053df39e55bb789ec67b07ef168c953d)] -> xpath: //a[@class ='ico-login']]
2021-06-21 21:06:557 INFO  LoginPage :42 - Enter Email [[ChromeDriver: chrome on WINDOWS (053df39e55bb789ec67b07ef168c953d)] -> xpath: //input[@id='Email']]
2021-06-21 21:06:699 INFO  LoginPage :47 - Enter Password [[ChromeDriver: chrome on WINDOWS (053df39e55bb789ec67b07ef168c953d)] -> xpath: //input[@id='Password']]
2021-06-21 21:06:836 INFO  LoginPage :52 - click on Login Button [[ChromeDriver: chrome on WINDOWS (053df39e55bb789ec67b07ef168c953d)] -> xpath: //button[@class ='button-1 login-button']]
2021-06-21 21:06:574 INFO  RegistrationPage :63 - Click on Registration Link [[ChromeDriver: chrome on WINDOWS (5cf23a2e237ffa24a8536ed8233265b5)] -> xpath: //a[@class='ico-register']]
2021-06-21 21:06:869 INFO  RegistrationPage :68 - Click on Registration Button [[ChromeDriver: chrome on WINDOWS (5cf23a2e237ffa24a8536ed8233265b5)] -> xpath: //button[@id='register-button']]
2021-06-21 21:06:908 INFO  RegistrationPage :72 - verify error msg with first name empty [[ChromeDriver: chrome on WINDOWS (5cf23a2e237ffa24a8536ed8233265b5)] -> xpath: //span[@id='FirstName-error']]
2021-06-21 21:06:166 INFO  RegistrationPage :34 - hover on computers tab[[ChromeDriver: chrome on WINDOWS (17d582e8bfd6b22a51450bb951de5c1f)] -> xpath: //a[text()='Computers ']]
2021-06-21 21:06:474 INFO  RegistrationPage :39 - Click on Desktop Link[[ChromeDriver: chrome on WINDOWS (17d582e8bfd6b22a51450bb951de5c1f)] -> xpath: //body[1]/div[6]/div[2]/ul[1]/li[1]/ul[1]/li[1]/a[1]]
2021-06-21 21:06:529 INFO  RegistrationPage :43 - verify User is on Desktop PAge[[ChromeDriver: chrome on WINDOWS (17d582e8bfd6b22a51450bb951de5c1f)] -> xpath: //h1[text()='Desktops']]
2021-06-21 21:06:488 INFO  RegistrationPage :34 - hover on computers tab[[ChromeDriver: chrome on WINDOWS (c9472ecc4eaba962c84e17dd9e77ddc2)] -> xpath: //a[text()='Computers ']]
2021-06-21 21:06:541 INFO  RegistrationPage :50 - Click on notepad Link[[ChromeDriver: chrome on WINDOWS (c9472ecc4eaba962c84e17dd9e77ddc2)] -> xpath: //body[1]/div[6]/div[3]/div[1]/div[2]/div[1]/div[2]/ul[1]/li[1]/ul[1]/li[3]/a[1]]
2021-06-21 21:06:360 INFO  RegistrationPage :56 - verify user is on Notepad page[[ChromeDriver: chrome on WINDOWS (c9472ecc4eaba962c84e17dd9e77ddc2)] -> xpath: //h1[text()='Notebooks']]
2021-06-21 21:06:158 INFO  RegistrationPage :34 - hover on computers tab[[ChromeDriver: chrome on WINDOWS (fa30355798c997d27e5667e93fddad23)] -> xpath: //a[text()='Computers ']]
2021-06-21 21:06:934 INFO  RegistrationPage :65 - Click on software Link[[ChromeDriver: chrome on WINDOWS (fa30355798c997d27e5667e93fddad23)] -> xpath: //body[1]/div[6]/div[3]/div[1]/div[2]/div[1]/div[2]/ul[1]/li[1]/ul[1]/li[3]/a[1]]
2021-06-21 21:06:962 INFO  RegistrationPage :71 - verify user is on software page[[ChromeDriver: chrome on WINDOWS (fa30355798c997d27e5667e93fddad23)] -> xpath: //h1[text()='Software']]
2021-06-21 21:06:181 INFO  HomePage :43 - Clicking on all Top Menu Tabs[[ChromeDriver: chrome on WINDOWS (5b672a994898da47773123c7c8c61f0a)] -> xpath: //body/div[6]/div[2]/ul[1]/li[1]/a[1]]
2021-06-21 21:06:582 INFO  LoginPage :36 - click on Login link [[ChromeDriver: chrome on WINDOWS (d0fd21bd65ae939dec56b26b8b1d9258)] -> xpath: //a[@class ='ico-login']]
2021-06-21 21:06:738 INFO  LoginPage :42 - Enter Email [[ChromeDriver: chrome on WINDOWS (d0fd21bd65ae939dec56b26b8b1d9258)] -> xpath: //input[@id='Email']]
2021-06-21 21:06:904 INFO  LoginPage :47 - Enter Password [[ChromeDriver: chrome on WINDOWS (d0fd21bd65ae939dec56b26b8b1d9258)] -> xpath: //input[@id='Password']]
2021-06-21 21:06:44 INFO  LoginPage :52 - click on Login Button [[ChromeDriver: chrome on WINDOWS (d0fd21bd65ae939dec56b26b8b1d9258)] -> xpath: //button[@class ='button-1 login-button']]
2021-06-21 21:06:528 INFO  LoginPage :36 - click on Login link [[ChromeDriver: chrome on WINDOWS (dc0bda44bfd0a8c26f231aafa5e4d93a)] -> xpath: //a[@class ='ico-login']]
2021-06-21 21:06:663 INFO  LoginPage :42 - Enter Email [[ChromeDriver: chrome on WINDOWS (dc0bda44bfd0a8c26f231aafa5e4d93a)] -> xpath: //input[@id='Email']]
2021-06-21 21:06:829 INFO  LoginPage :47 - Enter Password [[ChromeDriver: chrome on WINDOWS (dc0bda44bfd0a8c26f231aafa5e4d93a)] -> xpath: //input[@id='Password']]
2021-06-21 21:06:970 INFO  LoginPage :52 - click on Login Button [[ChromeDriver: chrome on WINDOWS (dc0bda44bfd0a8c26f231aafa5e4d93a)] -> xpath: //button[@class ='button-1 login-button']]
2021-06-21 21:06:496 INFO  RegistrationPage :57 - Click on Registration Link [[ChromeDriver: chrome on WINDOWS (cbfafa7939b740ac8836020678b94c7f)] -> xpath: //a[@class='ico-register']]
2021-06-21 21:06:889 INFO  RegistrationPage :57 - Click on Registration Link [[ChromeDriver: chrome on WINDOWS (7dfdd1ef925c49fa1464ec84b252dceb)] -> xpath: //a[@class='ico-register']]
2021-06-21 21:06:12 INFO  RegistrationPage :78 - Click on gender Male[[ChromeDriver: chrome on WINDOWS (7dfdd1ef925c49fa1464ec84b252dceb)] -> xpath: //input[@id='gender-male']]
2021-06-21 21:06:148 INFO  RegistrationPage :84 - Enter firstname [[ChromeDriver: chrome on WINDOWS (7dfdd1ef925c49fa1464ec84b252dceb)] -> id: FirstName]
2021-06-21 21:06:305 INFO  RegistrationPage :89 - Enter lastname [[ChromeDriver: chrome on WINDOWS (7dfdd1ef925c49fa1464ec84b252dceb)] -> id: LastName]
2021-06-21 21:06:487 INFO  RegistrationPage :95 - 
2021-06-21 21:06:678 INFO  RegistrationPage :100 - Enter month of birth [[ChromeDriver: chrome on WINDOWS (7dfdd1ef925c49fa1464ec84b252dceb)] -> xpath: //select[@name='DateOfBirthMonth']]
2021-06-21 21:06:842 INFO  RegistrationPage :105 - 
2021-06-21 21:06:988 INFO  RegistrationPage :110 - Enter email [[ChromeDriver: chrome on WINDOWS (7dfdd1ef925c49fa1464ec84b252dceb)] -> id: Email]
2021-06-21 21:06:129 INFO  RegistrationPage :115 - Enter password [[ChromeDriver: chrome on WINDOWS (7dfdd1ef925c49fa1464ec84b252dceb)] -> id: Password]
2021-06-21 21:06:265 INFO  RegistrationPage :120 - Enter confirmpassword [[ChromeDriver: chrome on WINDOWS (7dfdd1ef925c49fa1464ec84b252dceb)] -> id: ConfirmPassword]
2021-06-21 21:06:393 INFO  RegistrationPage :125 - click on Registration button [[ChromeDriver: chrome on WINDOWS (7dfdd1ef925c49fa1464ec84b252dceb)] -> xpath: //button[@id='register-button']]
2021-06-21 21:06:884 INFO  RegistrationPage :130 - verify error msg with first name empty [[ChromeDriver: chrome on WINDOWS (7dfdd1ef925c49fa1464ec84b252dceb)] -> xpath: //div[@class ='result']]
2021-06-21 21:06:121 INFO  RegistrationPage :136 - click on logout [[ChromeDriver: chrome on WINDOWS (7dfdd1ef925c49fa1464ec84b252dceb)] -> xpath: //a[@class='ico-logout']]
2021-06-21 21:06:47 INFO  RegistrationPage :63 - Click on Registration Link [[ChromeDriver: chrome on WINDOWS (52b6af3e88a1eee37c245ffaa0e3fdcb)] -> xpath: //a[@class='ico-register']]
2021-06-21 21:06:375 INFO  RegistrationPage :68 - Click on Registration Button [[ChromeDriver: chrome on WINDOWS (52b6af3e88a1eee37c245ffaa0e3fdcb)] -> xpath: //button[@id='register-button']]
2021-06-21 21:06:421 INFO  RegistrationPage :72 - verify error msg with first name empty [[ChromeDriver: chrome on WINDOWS (52b6af3e88a1eee37c245ffaa0e3fdcb)] -> xpath: //span[@id='FirstName-error']]
2021-06-21 21:06:317 INFO  LoginPage :36 - click on Login link [[ChromeDriver: chrome on WINDOWS (7914e28351b957c0c72efb5f5d66231d)] -> xpath: //a[@class ='ico-login']]
2021-06-22 14:06:515 INFO  RegistrationPage :34 - hover on computers tab[[ChromeDriver: chrome on WINDOWS (11f2f326e6bd23b9d225e8e2c80ea437)] -> xpath: //a[text()='Computers ']]
2021-06-22 14:06:885 INFO  RegistrationPage :39 - Click on Desktop Link[[ChromeDriver: chrome on WINDOWS (11f2f326e6bd23b9d225e8e2c80ea437)] -> xpath: //body[1]/div[6]/div[2]/ul[1]/li[1]/ul[1]/li[1]/a[1]]
2021-06-22 14:06:934 INFO  RegistrationPage :43 - verify User is on Desktop PAge[[ChromeDriver: chrome on WINDOWS (11f2f326e6bd23b9d225e8e2c80ea437)] -> xpath: //h1[text()='Desktops']]
2021-06-22 14:06:120 INFO  RegistrationPage :34 - hover on computers tab[[ChromeDriver: chrome on WINDOWS (3f8f8b0e3e0228ee0c35dd193439e10f)] -> xpath: //a[text()='Computers ']]
2021-06-22 14:06:39 INFO  RegistrationPage :50 - hover and click on computers tab[[ChromeDriver: chrome on WINDOWS (01201add537ad9e7438120efc82c54db)] -> xpath: //a[text()='Computers ']]
2021-06-22 14:06:167 INFO  RegistrationPage :56 - Click on notepad Link[[ChromeDriver: chrome on WINDOWS (01201add537ad9e7438120efc82c54db)] -> xpath: //body[1]/div[6]/div[3]/div[1]/div[2]/div[1]/div[2]/ul[1]/li[1]/ul[1]/li[2]/a[1]]
2021-06-22 14:06:904 INFO  RegistrationPage :62 - verify user is on Notepad page[[ChromeDriver: chrome on WINDOWS (01201add537ad9e7438120efc82c54db)] -> xpath: //h1[text()='Notebooks']]
2021-06-22 14:06:78 INFO  RegistrationPage :50 - hover and click on computers tab[[ChromeDriver: chrome on WINDOWS (73826a039effb209bdc8c05788c5c763)] -> xpath: //a[text()='Computers ']]
2021-06-22 14:06:365 INFO  RegistrationPage :57 - Click on notepad Link[[ChromeDriver: chrome on WINDOWS (73826a039effb209bdc8c05788c5c763)] -> xpath: //body[1]/div[6]/div[3]/div[1]/div[2]/div[1]/div[2]/ul[1]/li[1]/ul[1]/li[2]/a[1]]
2021-06-22 14:06:294 INFO  RegistrationPage :63 - verify user is on Notepad page[[ChromeDriver: chrome on WINDOWS (73826a039effb209bdc8c05788c5c763)] -> xpath: //h1[text()='Notebooks']]
2021-06-22 14:06:918 INFO  RegistrationPage :50 - hover and click on computers tab[[ChromeDriver: chrome on WINDOWS (3e44486fee0fc032d73cc588f9d402c6)] -> xpath: //a[text()='Computers ']]
2021-06-22 14:06:624 INFO  RegistrationPage :58 - Click on notepad LinkProxy element for: DefaultElementLocator 'By.xpath: //body[1]/div[6]/div[3]/div[1]/div[2]/div[1]/div[2]/ul[1]/li[1]/ul[1]/li[2]/a[1]'
2021-06-22 14:06:672 INFO  RegistrationPage :64 - verify user is on Notepad page[[ChromeDriver: chrome on WINDOWS (3e44486fee0fc032d73cc588f9d402c6)] -> xpath: //h1[text()='Notebooks']]
2021-06-22 14:06:236 INFO  RegistrationPage :50 - hover and click on computers tab[[ChromeDriver: chrome on WINDOWS (442a3ea2ddd55bd9226d844cf2ca8fb8)] -> xpath: //a[text()='Computers ']]
2021-06-22 14:06:773 INFO  RegistrationPage :75 - Click on software Link[[ChromeDriver: chrome on WINDOWS (442a3ea2ddd55bd9226d844cf2ca8fb8)] -> xpath: //body[1]/div[6]/div[3]/div[1]/div[2]/div[1]/div[2]/ul[1]/li[1]/ul[1]/li[3]/a[1]]
2021-06-22 14:06:836 INFO  RegistrationPage :81 - verify user is on software page[[ChromeDriver: chrome on WINDOWS (442a3ea2ddd55bd9226d844cf2ca8fb8)] -> xpath: //h1[text()='Software']]
2021-06-22 14:06:673 INFO  RegistrationPage :57 - Click on Registration Link [[ChromeDriver: chrome on WINDOWS (7537c68ecae1cd9a0386073f20e36a34)] -> xpath: //a[@class='ico-register']]
2021-06-22 14:06:856 INFO  RegistrationPage :79 - Click on gender Male[[ChromeDriver: chrome on WINDOWS (7537c68ecae1cd9a0386073f20e36a34)] -> xpath: //input[@id='gender-male']]
2021-06-22 14:06:23 INFO  RegistrationPage :85 - Enter firstname [[ChromeDriver: chrome on WINDOWS (7537c68ecae1cd9a0386073f20e36a34)] -> id: FirstName]
2021-06-22 14:06:230 INFO  RegistrationPage :90 - Enter lastname [[ChromeDriver: chrome on WINDOWS (7537c68ecae1cd9a0386073f20e36a34)] -> id: LastName]
2021-06-22 14:06:471 INFO  RegistrationPage :96 - 
2021-06-22 14:06:715 INFO  RegistrationPage :101 - Enter month of birth [[ChromeDriver: chrome on WINDOWS (7537c68ecae1cd9a0386073f20e36a34)] -> xpath: //select[@name='DateOfBirthMonth']]
2021-06-22 14:06:935 INFO  RegistrationPage :106 - 
2021-06-22 14:06:102 INFO  RegistrationPage :111 - Enter email [[ChromeDriver: chrome on WINDOWS (7537c68ecae1cd9a0386073f20e36a34)] -> id: Email]
2021-06-22 14:06:281 INFO  RegistrationPage :116 - Enter password [[ChromeDriver: chrome on WINDOWS (7537c68ecae1cd9a0386073f20e36a34)] -> id: Password]
2021-06-22 14:06:443 INFO  RegistrationPage :121 - Enter confirmpassword [[ChromeDriver: chrome on WINDOWS (7537c68ecae1cd9a0386073f20e36a34)] -> id: ConfirmPassword]
2021-06-22 14:06:698 INFO  RegistrationPage :126 - click on Registration button Proxy element for: DefaultElementLocator 'By.xpath: //button[@id='register-button']'
2021-06-22 14:06:511 INFO  RegistrationPage :57 - Click on Registration Link [[ChromeDriver: chrome on WINDOWS (511439db892c2038435e3ed5d3a21c58)] -> xpath: //a[@class='ico-register']]
2021-06-22 14:06:673 INFO  RegistrationPage :79 - Click on gender Male[[ChromeDriver: chrome on WINDOWS (511439db892c2038435e3ed5d3a21c58)] -> xpath: //input[@id='gender-male']]
2021-06-22 14:06:838 INFO  RegistrationPage :85 - Enter firstname [[ChromeDriver: chrome on WINDOWS (511439db892c2038435e3ed5d3a21c58)] -> id: FirstName]
2021-06-22 14:06:995 INFO  RegistrationPage :90 - Enter lastname [[ChromeDriver: chrome on WINDOWS (511439db892c2038435e3ed5d3a21c58)] -> id: LastName]
2021-06-22 14:06:262 INFO  RegistrationPage :96 - 
2021-06-22 14:06:490 INFO  RegistrationPage :101 - Enter month of birth [[ChromeDriver: chrome on WINDOWS (511439db892c2038435e3ed5d3a21c58)] -> xpath: //select[@name='DateOfBirthMonth']]
2021-06-22 14:06:710 INFO  RegistrationPage :106 - 
2021-06-22 14:06:904 INFO  RegistrationPage :111 - Enter email [[ChromeDriver: chrome on WINDOWS (511439db892c2038435e3ed5d3a21c58)] -> id: Email]
2021-06-22 14:06:57 INFO  RegistrationPage :116 - Enter password [[ChromeDriver: chrome on WINDOWS (511439db892c2038435e3ed5d3a21c58)] -> id: Password]
2021-06-22 14:06:198 INFO  RegistrationPage :121 - Enter confirmpassword [[ChromeDriver: chrome on WINDOWS (511439db892c2038435e3ed5d3a21c58)] -> id: ConfirmPassword]
2021-06-22 14:06:625 INFO  RegistrationPage :126 - click on Registration button Proxy element for: DefaultElementLocator 'By.xpath: //button[@id='register-button']'
2021-06-22 14:06:697 INFO  RegistrationPage :131 - verify error msg with first name empty [[ChromeDriver: chrome on WINDOWS (511439db892c2038435e3ed5d3a21c58)] -> xpath: //div[@class ='result']]
2021-06-22 14:06:487 INFO  RegistrationPage :138 - click on logout Proxy element for: DefaultElementLocator 'By.xpath: //a[@class='ico-logout']'
2021-06-22 14:06:868 INFO  HomePage :43 - Clicking on all Top Menu Tabs[[ChromeDriver: chrome on WINDOWS (29572edea32470c537b07366bd135604)] -> xpath: //body/div[6]/div[2]/ul[1]/li[1]/a[1]]
2021-06-22 14:06:57 INFO  RegistrationPage :57 - Click on Registration Link [[ChromeDriver: chrome on WINDOWS (dc65e54fe2325bb22e5f6d0b8066b1a6)] -> xpath: //a[@class='ico-register']]
2021-06-22 14:06:103 INFO  LoginPage :36 - click on Login link [[ChromeDriver: chrome on WINDOWS (3039285211f8dec344bc892f64e65888)] -> xpath: //a[@class ='ico-login']]
2021-06-22 14:06:224 INFO  RegistrationPage :34 - hover on computers tab[[ChromeDriver: chrome on WINDOWS (9345cd62b95c14414a1d697a016ecbb2)] -> xpath: //a[text()='Computers ']]
2021-06-22 14:06:905 INFO  RegistrationPage :39 - Click on Desktop Link[[ChromeDriver: chrome on WINDOWS (9345cd62b95c14414a1d697a016ecbb2)] -> xpath: //body[1]/div[6]/div[2]/ul[1]/li[1]/ul[1]/li[1]/a[1]]
2021-06-22 14:06:953 INFO  RegistrationPage :43 - verify User is on Desktop PAge[[ChromeDriver: chrome on WINDOWS (9345cd62b95c14414a1d697a016ecbb2)] -> xpath: //h1[text()='Desktops']]
2021-06-22 20:06:691 INFO  RegistrationPage :34 - hover on computers tab[[ChromeDriver: chrome on WINDOWS (653ead2cd17a2d4d316d09e4fb345a80)] -> xpath: //a[text()='Computers ']]
2021-06-22 20:06:719 INFO  RegistrationPage :39 - Click on Desktop Link[[ChromeDriver: chrome on WINDOWS (653ead2cd17a2d4d316d09e4fb345a80)] -> xpath: //body[1]/div[6]/div[2]/ul[1]/li[1]/ul[1]/li[1]/a[1]]
2021-06-22 20:06:760 INFO  RegistrationPage :43 - verify User is on Desktop PAge[[ChromeDriver: chrome on WINDOWS (653ead2cd17a2d4d316d09e4fb345a80)] -> xpath: //h1[text()='Desktops']]
